make all --print-data-base --no-builtin-variables --no-builtin-rules --question
# GNU Make 3.81
# Copyright (C) 2006  Free Software Foundation, Inc.
# This is free software; see the source for copying conditions.
# There is NO warranty; not even for MERCHANTABILITY or FITNESS FOR A
# PARTICULAR PURPOSE.

# This program built for i386-apple-darwin11.3.0
 
make: *** No rule to make target `all'.  Stop.
 

# Make data base, printed on Thu Dec 16 03:20:35 2021

# Variables

# automatic
<D = $(patsubst %/,%,$(dir $<))
# automatic
?F = $(notdir $?)
# environment
VSCODE_LOG_NATIVE = false
# automatic
?D = $(patsubst %/,%,$(dir $?))
# automatic
@D = $(patsubst %/,%,$(dir $@))
# automatic
@F = $(notdir $@)
# makefile
CURDIR := /Users/joaopinheiro/Dev/NFT/bombDocker
# makefile
SHELL = /bin/sh
# environment
VSCODE_NLS_CONFIG = {"locale":"pt-br","availableLanguages":{"*":"pt-br"},"_languagePackId":"6117a4de48347fcac958e23476791f15.pt-br","_translationsConfigFile":"/Users/joaopinheiro/Library/Application Support/Code/clp/6117a4de48347fcac958e23476791f15.pt-br/tcf.json","_cacheRoot":"/Users/joaopinheiro/Library/Application Support/Code/clp/6117a4de48347fcac958e23476791f15.pt-br","_resolvedLanguagePackCoreLocation":"/Users/joaopinheiro/Library/Application Support/Code/clp/6117a4de48347fcac958e23476791f15.pt-br/7db1a2b88f7557e0a43fec75b6ba7e50b3e9f77e","_corruptedFile":"/Users/joaopinheiro/Library/Application Support/Code/clp/6117a4de48347fcac958e23476791f15.pt-br/corrupted.info","_languagePackSupport":true}
# environment
_ = /usr/bin/make
# makefile (from `makefile', line 1)
MAKEFILE_LIST :=  makefile
# environment
VSCODE_VERBOSE_LOGGING = true
# environment
__CFBundleIdentifier = com.microsoft.VSCode
# environment
VSCODE_IPC_HOOK_EXTHOST = /var/folders/4h/vr453knn1ns5k768b0n0slnc0000gn/T/vscode-ipc-289c111d-655b-49e7-84b7-6bb46204b16a.sock
# environment
VSCODE_CWD = /
# environment
PATH = /Users/joaopinheiro/.zinit/polaris/sbin:/Users/joaopinheiro/.zinit/polaris/bin:/Users/joaopinheiro/.symfony/bin:/usr/local/bin:/usr/bin:/bin:/usr/sbin:/sbin/:/Applications/VMware Fusion.app/Contents/Public:/Library/Apple/usr/bin:/sbin:/usr/local/sbin:/Users/joaopinheiro/Dev/python/selenium/geckodriver:/opt/gradle/gradle-7.1.1/bin:/usr/local/opt/node@12/bin/:/usr/local/opt/python@3.9/bin/:/usr/local/opt/php@7.4/bin/:/usr/local/opt/php@7.4/sbin/:/Users/joaopinheiro/.gem/bin/
# environment
LSCOLORS = Gxfxcxdxbxegedabagacad
# environment
SPACESHIP_VERSION = 3.11.2
# environment
VSCODE_LOG_STACK = false
# environment
ELECTRON_RUN_AS_NODE = 1
# default
.FEATURES := target-specific order-only second-expansion else-if archives jobserver check-symlink
# environment
SSH_AUTH_SOCK = /private/tmp/com.apple.launchd.eebspTtVEU/Listeners
# automatic
%F = $(notdir $%)
# environment
VSCODE_PIPE_LOGGING = true
# environment
PWD = /Users/joaopinheiro/Dev/NFT/bombDocker
# environment
GEM_HOME = /Users/joaopinheiro/.gem
# environment
ORIGINAL_XDG_CURRENT_DESKTOP = undefined
# environment
VSCODE_AMD_ENTRYPOINT = vs/workbench/services/extensions/node/extensionHostProcess
# environment
HOME = /Users/joaopinheiro
# default
MAKEFILEPATH := /Applications/Xcode.app/Contents/Developer/Makefiles
# environment
VSCODE_CODE_CACHE_PATH = /Users/joaopinheiro/Library/Application Support/Code/CachedData/7db1a2b88f7557e0a43fec75b6ba7e50b3e9f77e
# environment
LOGNAME = joaopinheiro
# environment
APPLICATION_INSIGHTS_NO_DIAGNOSTIC_CHANNEL = true
# environment
ZSH = /Users/joaopinheiro/.oh-my-zsh
# environment
VSCODE_HANDLES_UNCAUGHT_ERRORS = true
# automatic
^D = $(patsubst %/,%,$(dir $^))
# environment
XPC_FLAGS = 0x0
# default
MAKE = $(MAKE_COMMAND)
# default
MAKECMDGOALS := all
# environment
SHLVL = 1
# environment
SSH_KEY_PATH = ~/.ssh/rsa_id
# default
MAKE_VERSION := 3.81
# environment
USER = joaopinheiro
# makefile (from `makefile', line 2)
.DEFAULT_GOAL = help
# environment
LESS = -R
# automatic
%D = $(patsubst %/,%,$(dir $%))
# makefile (from `makefile', line 4)
CONTAINER = olivre
# default
MAKE_COMMAND := /Applications/Xcode.app/Contents/Developer/usr/bin/make
# environment
ZPFX = /Users/joaopinheiro/.zinit/polaris
# environment
ZSH_CACHE_DIR = /Users/joaopinheiro/.oh-my-zsh/cache
# default
.VARIABLES := 
# environment
TMPDIR = /var/folders/4h/vr453knn1ns5k768b0n0slnc0000gn/T/
# automatic
*F = $(notdir $*)
# environment
VSCODE_IPC_HOOK = /Users/joaopinheiro/Library/Application Support/Code/1.63.0-main.sock
# makefile
MAKEFLAGS = Rrqp
# environment
MFLAGS = -Rrqp
# automatic
*D = $(patsubst %/,%,$(dir $*))
# environment
XPC_SERVICE_NAME = application.com.microsoft.VSCode.42549099.42549105
# automatic
+D = $(patsubst %/,%,$(dir $+))
# automatic
+F = $(notdir $+)
# environment
PMSPEC = 0uUpiPsf
# environment
__CF_USER_TEXT_ENCODING = 0x1F5:0x0:0x47
# environment
COMMAND_MODE = unix2003
# default
MAKEFILES := 
# automatic
<F = $(notdir $<)
# environment
PAGER = less
# environment
LC_ALL = C
# environment
SPACESHIP_ROOT = /Users/joaopinheiro/.oh-my-zsh/custom/themes/spaceship-prompt
# automatic
^F = $(notdir $^)
# default
SUFFIXES := 
# default
.INCLUDE_DIRS = /usr/local/include
# environment
MAKELEVEL := 0
# environment
LANG = C
# environment
VSCODE_PID = 3051
# variable set hash-table stats:
# Load=74/1024=7%, Rehash=0, Collisions=1/98=1%

# Pattern-specific Variable Values

# No pattern-specific variable values.

# Directories

# . (device 16777224, inode 45261682): 7 files, no impossibilities.

# 7 files, no impossibilities in 1 directories.

# Implicit Rules

# No implicit rules.

# Files

bot-1-init:
#  Implicit rule search has not been done.
#  Modification time never checked.
#  File has not been updated.
#  commands to execute (from `makefile', line 30):
	docker-compose exec bot-1 sh -c ""
	

stop-all:
#  Implicit rule search has not been done.
#  Modification time never checked.
#  File has not been updated.
#  commands to execute (from `makefile', line 11):
	docker-compose down;
	

# Not a target:
all:
#  Command-line target.
#  Implicit rule search has been done.
#  File does not exist.
#  File has not been updated.
# variable set hash-table stats:
# Load=0/32=0%, Rehash=0, Collisions=0/0=0%

.PHONY: help
#  Implicit rule search has not been done.
#  Modification time never checked.
#  File has not been updated.

bot-2-init:
#  Implicit rule search has not been done.
#  Modification time never checked.
#  File has not been updated.
#  commands to execute (from `makefile', line 33):
	docker-compose exec bot-2 sh -c ""
	

# Not a target:
.SUFFIXES:
#  Implicit rule search has not been done.
#  Modification time never checked.
#  File has not been updated.

bot-1-shell:
#  Implicit rule search has not been done.
#  Modification time never checked.
#  File has not been updated.
#  commands to execute (from `makefile', line 23):
	docker container exec -it bot-1 bash;
	

bot-1-rebuild:
#  Implicit rule search has not been done.
#  Modification time never checked.
#  File has not been updated.
#  commands to execute (from `makefile', line 17):
	docker-compose build --no-cache bot-1;
	

# Not a target:
makefile:
#  Implicit rule search has been done.
#  Last modified 2021-12-16 03:19:09
#  File has been updated.
#  Successfully updated.
# variable set hash-table stats:
# Load=0/32=0%, Rehash=0, Collisions=0/0=0%

bot-2-shell:
#  Implicit rule search has not been done.
#  Modification time never checked.
#  File has not been updated.
#  commands to execute (from `makefile', line 26):
	docker container exec -it bot-2 bash;
	

start-all:
#  Implicit rule search has not been done.
#  Modification time never checked.
#  File has not been updated.
#  commands to execute (from `makefile', line 8):
	docker-compose up -d;
	

bot-2-rebuild:
#  Implicit rule search has not been done.
#  Modification time never checked.
#  File has not been updated.
#  commands to execute (from `makefile', line 20):
	docker-compose build --no-cache bot-2;
	

rebuild-all:
#  Implicit rule search has not been done.
#  Modification time never checked.
#  File has not been updated.
#  commands to execute (from `makefile', line 14):
	docker-compose down && docker-compose up -d --build;
	

help:
#  Phony target (prerequisite of .PHONY).
#  Implicit rule search has not been done.
#  File does not exist.
#  File has not been updated.
#  commands to execute (from `makefile', line 38):
	@grep -E '(^[a-zA-Z_-]+:.*?##.*$$)|(^##)' $(MAKEFILE_LIST) \
	| awk 'BEGIN {FS = ":.*?## "}; {printf "\033[32m%-24s\033[0m %s\n", $$1, $$2}' \
	| sed -e 's/\[32m## /[33m/' && printf "\n"
	

# Not a target:
.DEFAULT:
 
#  Implicit rule search has not been done.
#  Modification time never checked.
#  File has not been updated.

# files hash-table stats:
# Load=15/1024=1%, Rehash=0, Collisions=0/28=0%
# VPATH Search Paths

# No `vpath' search paths.

# No general (`VPATH' variable) search path.

# # of strings in strcache: 1
# # of strcache buffers: 1
# strcache size: total = 4096 / max = 4096 / min = 4096 / avg = 4096
# strcache free: total = 4087 / max = 4087 / min = 4087 / avg = 4087

# Finished Make data base on Thu Dec 16 03:20:35 2021

 
